<?xml version="1.0" encoding="UTF-8"?>
<!-- Generated by org.testng.reporters.JUnitXMLReporter -->
<testsuite hostname="DESKTOP-6T1R2HF" ignored="1" name="Test" tests="9" failures="0" timestamp="2021-11-13T09:58:50 IST" time="333.848" errors="0">
  <testcase name="loginPage" time="34.015" classname="com.gxiglobal.testrunner.GXI_PostDelete_Runner_TestNG"/>
  <testcase name="postPage" time="42.327" classname="com.gxiglobal.testrunner.GXI_PostDelete_Runner_TestNG"/>
  <testcase name="postPage" time="36.823" classname="com.gxiglobal.testrunner.GXI_PostDelete_Runner_TestNG"/>
  <testcase name="postPage" time="43.218" classname="com.gxiglobal.testrunner.GXI_PostDelete_Runner_TestNG"/>
  <testcase name="postPage" time="24.26" classname="com.gxiglobal.testrunner.GXI_PostDelete_Runner_TestNG"/>
  <testcase name="trashPage" time="38.752" classname="com.gxiglobal.testrunner.GXI_PostDelete_Runner_TestNG"/>
  <testcase name="trashPage" time="45.415" classname="com.gxiglobal.testrunner.GXI_PostDelete_Runner_TestNG"/>
  <testcase name="trashPage" time="43.256" classname="com.gxiglobal.testrunner.GXI_PostDelete_Runner_TestNG"/>
  <testcase name="trashPage" time="25.494" classname="com.gxiglobal.testrunner.GXI_PostDelete_Runner_TestNG"/>
  <testcase name="categoriesPage" time="0.0" classname="com.gxiglobal.testrunner.GXI_PostDelete_Runner_TestNG">
    <ignored/>
  </testcase> <!-- categoriesPage -->
</testsuite> <!-- Test -->
